\BOOKMARK [1][-]{section.1}{\376\377\225\356\230\230\221\315\217\360}{}% 1
\BOOKMARK [1][-]{section.2}{\376\377\225\356\230\230\122\006\147\220}{}% 2
\BOOKMARK [2][-]{subsection.2.1}{\376\377\225\356\230\230\116\000\166\204\122\006\147\220}{section.2}% 3
\BOOKMARK [2][-]{subsection.2.2}{\376\377\225\356\230\230\116\214\166\204\122\006\147\220}{section.2}% 4
\BOOKMARK [2][-]{subsection.2.3}{\376\377\225\356\230\230\116\011\166\204\122\006\147\220}{section.2}% 5
\BOOKMARK [2][-]{subsection.2.4}{\376\377\225\356\230\230\126\333\166\204\122\006\147\220}{section.2}% 6
\BOOKMARK [1][-]{section.3}{\376\377\152\041\127\213\120\107\213\276}{}% 7
\BOOKMARK [1][-]{section.4}{\376\377\173\046\123\367\213\364\146\016}{}% 8
\BOOKMARK [1][-]{section.5}{\376\377\225\356\230\230\116\000\152\041\127\213\166\204\136\372\172\313\116\016\154\102\211\343}{}% 9
\BOOKMARK [2][-]{subsection.5.1}{\376\377\145\160\143\156\131\004\164\006}{section.5}% 10
\BOOKMARK [3][-]{subsubsection.5.1.1}{\376\377\230\204\117\060\134\360\232\330\123\312\116\055\137\303\154\342\225\177}{subsection.5.1}% 11
\BOOKMARK [3][-]{subsubsection.5.1.2}{\376\377\230\204\117\060\123\112\134\360\133\275}{subsection.5.1}% 12
\BOOKMARK [3][-]{subsubsection.5.1.3}{\376\377\230\204\117\060\145\160\143\156\145\164\124\010}{subsection.5.1}% 13
\BOOKMARK [2][-]{subsection.5.2}{\376\377\152\041\127\213\136\372\172\313}{section.5}% 14
\BOOKMARK [3][-]{subsubsection.5.2.1}{\376\377\232\330\145\257\121\375\145\160\142\337\124\010\123\125\134\360\121\111\214\061}{subsection.5.2}% 15
\BOOKMARK [3][-]{subsubsection.5.2.2}{\376\377\147\000\134\017\116\214\116\130\142\337\124\010\131\015\124\010\121\111\214\061}{subsection.5.2}% 16
\BOOKMARK [2][-]{subsection.5.3}{\376\377\152\041\127\213\154\102\211\343}{section.5}% 17
\BOOKMARK [3][-]{subsubsection.5.3.1}{\376\377\154\102\211\343\145\271\154\325}{subsection.5.3}% 18
\BOOKMARK [3][-]{subsubsection.5.3.2}{\376\377\176\323\147\234\123\312\122\006\147\220}{subsection.5.3}% 19
\BOOKMARK [1][-]{section.6}{\376\377\225\356\230\230\116\214\152\041\127\213\166\204\136\372\172\313\116\016\154\102\211\343}{}% 20
\BOOKMARK [2][-]{subsection.6.1}{\376\377\145\160\143\156\131\004\164\006}{section.6}% 21
\BOOKMARK [3][-]{subsubsection.6.1.1}{\376\377\147\204\136\372\206\132\142\337\145\160\143\156}{subsection.6.1}% 22
\BOOKMARK [3][-]{subsubsection.6.1.2}{\376\377\230\204\117\060\146\362\176\277\123\302\145\160}{subsection.6.1}% 23
\BOOKMARK [2][-]{subsection.6.2}{\376\377\152\041\127\213\136\372\172\313\116\016\154\102\211\343}{section.6}% 24
\BOOKMARK [1][-]{section.7}{\376\377\225\356\230\230\116\011\152\041\127\213\166\204\136\372\172\313\116\016\154\102\211\343}{}% 25
\BOOKMARK [2][-]{subsection.7.1}{\376\377\145\160\143\156\131\004\164\006}{section.7}% 26
\BOOKMARK [3][-]{subsubsection.7.1.1}{\376\377\116\011\134\360\131\015\124\010\121\111\214\061\122\006\134\360\152\041\127\213}{subsection.7.1}% 27
\BOOKMARK [3][-]{subsubsection.7.1.2}{\376\377\126\333\134\360\131\015\124\010\121\111\214\061\122\006\134\360\152\041\127\213}{subsection.7.1}% 28
\BOOKMARK [2][-]{subsection.7.2}{\376\377\152\041\127\213\166\204\136\372\172\313\116\016\154\102\211\343}{section.7}% 29
\BOOKMARK [3][-]{subsubsection.7.2.1}{\376\377\116\011\134\360\131\015\124\010\121\111\214\061\122\006\134\360\152\041\127\213}{subsection.7.2}% 30
\BOOKMARK [3][-]{subsubsection.7.2.2}{\376\377\126\333\134\360\131\015\124\010\121\111\214\061\122\006\134\360\152\041\127\213}{subsection.7.2}% 31
\BOOKMARK [1][-]{section.8}{\376\377\225\356\230\230\126\333\152\041\127\213\166\204\136\372\172\313\116\016\154\102\211\343}{}% 32
\BOOKMARK [2][-]{subsection.8.1}{\376\377\145\160\143\156\131\004\164\006}{section.8}% 33
\BOOKMARK [2][-]{subsection.8.2}{\376\377\152\041\127\213\136\372\172\313\116\016\154\102\211\343}{section.8}% 34
\BOOKMARK [1][-]{section.9}{\376\377\123\302\200\003\145\207\163\056}{}% 35
\BOOKMARK [1][-]{section.9}{\376\377\000B\000i\000b\000l\000i\000o\000g\000r\000a\000p\000h\000y}{}% 36
\BOOKMARK [1][-]{appendix.A}{\376\377\225\356\230\230\116\000\166\370\121\163\145\160\143\156\123\312\116\343\170\001}{}% 37
\BOOKMARK [2][-]{subsection.A.1}{\376\377\145\160\143\156\131\004\164\006\000p\000y\000t\000h\000o\000n\116\343\170\001}{appendix.A}% 38
\BOOKMARK [1][-]{appendix.B}{\376\377\225\356\230\230\116\214\166\370\121\163\145\160\143\156\123\312\116\343\170\001}{}% 39
\BOOKMARK [2][-]{subsection.B.1}{\376\377\145\160\143\156\131\004\164\006\000p\000y\000t\000h\000o\000n\116\343\170\001}{appendix.B}% 40
\BOOKMARK [1][-]{appendix.C}{\376\377\225\356\230\230\116\011\166\370\121\163\145\160\143\156\123\312\116\343\170\001}{}% 41
\BOOKMARK [2][-]{subsection.C.1}{\376\377\145\160\143\156\131\004\164\006\000p\000y\000t\000h\000o\000n\116\343\170\001}{appendix.C}% 42
\BOOKMARK [1][-]{appendix.D}{\376\377\225\356\230\230\126\333\166\370\121\163\145\160\143\156\123\312\116\343\170\001}{}% 43
\BOOKMARK [2][-]{subsection.D.1}{\376\377\145\160\143\156\131\004\164\006\000p\000y\000t\000h\000o\000n\116\343\170\001}{appendix.D}% 44
\BOOKMARK [1][-]{appendix.E}{\376\377\116\137\123\357\116\345\143\322\121\145\000m\000a\000t\000l\000a\000b\116\343\170\001}{}% 45
