\BOOKMARK [1][-]{section.1}{\376\377\225\356\230\230\221\315\217\360}{}% 1
\BOOKMARK [1][-]{section.2}{\376\377\225\356\230\230\122\006\147\220}{}% 2
\BOOKMARK [2][-]{subsection.2.1}{\376\377\225\356\230\230\116\000\166\204\122\006\147\220}{section.2}% 3
\BOOKMARK [2][-]{subsection.2.2}{\376\377\225\356\230\230\116\214\166\204\122\006\147\220}{section.2}% 4
\BOOKMARK [2][-]{subsection.2.3}{\376\377\225\356\230\230\116\011\166\204\122\006\147\220}{section.2}% 5
\BOOKMARK [2][-]{subsection.2.4}{\376\377\225\356\230\230\126\333\166\204\122\006\147\220}{section.2}% 6
\BOOKMARK [1][-]{section.3}{\376\377\152\041\127\213\120\107\213\276}{}% 7
\BOOKMARK [1][-]{section.4}{\376\377\173\046\123\367\213\364\146\016}{}% 8
\BOOKMARK [1][-]{section.5}{\376\377\225\356\230\230\116\000\152\041\127\213\166\204\136\372\172\313\116\016\154\102\211\343}{}% 9
\BOOKMARK [2][-]{subsection.5.1}{\376\377\152\041\127\213\136\372\172\313}{section.5}% 10
\BOOKMARK [3][-]{subsubsection.5.1.1}{\376\377\122\035\131\313\117\115\177\156\170\156\133\232}{subsection.5.1}% 11
\BOOKMARK [3][-]{subsubsection.5.1.2}{\376\377\173\054\116\000\134\017\225\356\152\041\127\213\136\372\172\313}{subsection.5.1}% 12
\BOOKMARK [3][-]{subsubsection.5.1.3}{\376\377\173\054\116\214\134\017\225\356\152\041\127\213\136\372\172\313}{subsection.5.1}% 13
\BOOKMARK [2][-]{subsection.5.2}{\376\377\152\041\127\213\154\102\211\343}{section.5}% 14
\BOOKMARK [3][-]{subsubsection.5.2.1}{\376\377\173\054\116\000\134\017\225\356\152\041\127\213\154\102\211\343}{subsection.5.2}% 15
\BOOKMARK [3][-]{subsubsection.5.2.2}{\376\377\173\054\116\214\134\017\225\356\152\041\127\213\154\102\211\343}{subsection.5.2}% 16
\BOOKMARK [1][-]{section.6}{\376\377\225\356\230\230\116\214\152\041\127\213\166\204\136\372\172\313\116\016\154\102\211\343}{}% 17
\BOOKMARK [2][-]{subsection.6.1}{\376\377\152\041\127\213\136\372\172\313}{section.6}% 18
\BOOKMARK [3][-]{subsubsection.6.1.1}{\376\377\173\054\116\000\134\017\225\356\152\041\127\213\136\372\172\313}{subsection.6.1}% 19
\BOOKMARK [3][-]{subsubsection.6.1.2}{\376\377\173\054\116\214\134\017\225\356\152\041\127\213\136\372\172\313}{subsection.6.1}% 20
\BOOKMARK [2][-]{subsection.6.2}{\376\377\152\041\127\213\154\102\211\343}{section.6}% 21
\BOOKMARK [3][-]{subsubsection.6.2.1}{\376\377\173\054\116\000\134\017\225\356\152\041\127\213\154\102\211\343}{subsection.6.2}% 22
\BOOKMARK [3][-]{subsubsection.6.2.2}{\376\377\173\054\116\214\134\017\225\356\152\041\127\213\154\102\211\343}{subsection.6.2}% 23
\BOOKMARK [1][-]{section.7}{\376\377\225\356\230\230\116\011\152\041\127\213\166\204\136\372\172\313\116\016\154\102\211\343}{}% 24
\BOOKMARK [2][-]{subsection.7.1}{\376\377\152\041\127\213\136\372\172\313}{section.7}% 25
\BOOKMARK [2][-]{subsection.7.2}{\376\377\152\041\127\213\154\102\211\343}{section.7}% 26
\BOOKMARK [1][-]{section.8}{\376\377\225\356\230\230\126\333\152\041\127\213\166\204\136\372\172\313\116\016\154\102\211\343}{}% 27
\BOOKMARK [2][-]{subsection.8.1}{\376\377\152\041\127\213\136\372\172\313}{section.8}% 28
\BOOKMARK [2][-]{subsection.8.2}{\376\377\152\041\127\213\154\102\211\343}{section.8}% 29
\BOOKMARK [1][-]{section.9}{\376\377\152\041\127\213\166\204\213\304\116\367\116\016\145\071\217\333}{}% 30
\BOOKMARK [2][-]{subsection.9.1}{\376\377\152\041\127\213\166\204\117\030\160\271}{section.9}% 31
\BOOKMARK [2][-]{subsection.9.2}{\376\377\152\041\127\213\166\204\177\072\160\271}{section.9}% 32
\BOOKMARK [2][-]{subsection.9.3}{\376\377\152\041\127\213\166\204\145\071\217\333\116\016\143\250\136\177}{section.9}% 33
\BOOKMARK [1][-]{section.10}{\376\377\123\302\200\003\145\207\163\056}{}% 34
\BOOKMARK [1][-]{section.10}{\376\377\000B\000i\000b\000l\000i\000o\000g\000r\000a\000p\000h\000y}{}% 35
\BOOKMARK [1][-]{appendix.A}{\376\377\225\356\230\230\116\000\166\370\121\163\145\160\143\156\123\312\116\343\170\001}{}% 36
\BOOKMARK [2][-]{subsection.A.1}{\376\377\225\356\230\230\0001\000-\0001\137\256\122\006\145\271\172\013\145\160\120\074\211\343\154\102\211\343\123\312\176\330\126\376\116\343\170\001}{appendix.A}% 37
\BOOKMARK [2][-]{subsection.A.2}{\376\377\225\356\230\230\0001\000-\0001\137\256\122\006\145\271\172\013\145\160\120\074\211\343\154\102\211\343\123\312\176\330\126\376\116\343\170\001}{appendix.A}% 38
\BOOKMARK [1][-]{appendix.B}{\376\377\225\356\230\230\116\214\166\370\121\163\145\160\143\156\123\312\116\343\170\001}{}% 39
\BOOKMARK [2][-]{subsection.B.1}{\376\377\225\356\230\230\0002\000-\0001\176\330\126\376\116\016\150\300\175\042\117\060\213\241\116\343\170\001}{appendix.B}% 40
\BOOKMARK [2][-]{subsection.B.2}{\376\377\225\356\230\230\0002\000-\0002\176\330\126\376\116\016\150\300\175\042\117\060\213\241\116\343\170\001}{appendix.B}% 41
\BOOKMARK [1][-]{appendix.C}{\376\377\225\356\230\230\116\011\166\370\121\163\145\160\143\156\123\312\116\343\170\001}{}% 42
\BOOKMARK [1][-]{appendix.D}{\376\377\225\356\230\230\126\333\166\370\121\163\145\160\143\156\123\312\116\343\170\001}{}% 43
