\BOOKMARK [1][-]{section.1}{\376\377\225\356\230\230\221\315\217\360}{}% 1
\BOOKMARK [1][-]{section.2}{\376\377\225\356\230\230\122\006\147\220\116\016\145\160\143\156\131\004\164\006}{}% 2
\BOOKMARK [2][-]{subsection.2.1}{\376\377\145\160\143\156\230\204\131\004\164\006}{section.2}% 3
\BOOKMARK [2][-]{subsection.2.2}{\376\377\225\356\230\230\116\000\166\204\122\006\147\220\116\016\145\160\143\156\131\004\164\006}{section.2}% 4
\BOOKMARK [2][-]{subsection.2.3}{\376\377\225\356\230\230\116\214\166\204\122\006\147\220\116\016\145\160\143\156\131\004\164\006}{section.2}% 5
\BOOKMARK [2][-]{subsection.2.4}{\376\377\225\356\230\230\116\011\166\204\122\006\147\220\116\016\145\160\143\156\131\004\164\006}{section.2}% 6
\BOOKMARK [2][-]{subsection.2.5}{\376\377\225\356\230\230\126\333\166\204\122\006\147\220\116\016\145\160\143\156\131\004\164\006}{section.2}% 7
\BOOKMARK [1][-]{section.3}{\376\377\152\041\127\213\120\107\213\276}{}% 8
\BOOKMARK [1][-]{section.4}{\376\377\225\356\230\230\116\000\166\204\136\372\152\041\116\016\154\102\211\343}{}% 9
\BOOKMARK [2][-]{subsection.4.1}{\376\377\152\041\127\213\136\372\172\313}{section.4}% 10
\BOOKMARK [3][-]{subsubsection.4.1.1}{\376\377\133\232\221\317\127\213\201\263\230\337\150\007\121\306}{subsection.4.1}% 11
\BOOKMARK [3][-]{subsubsection.4.1.2}{\376\377\227\136\133\232\221\317\127\213\201\263\230\337\150\007\121\306}{subsection.4.1}% 12
\BOOKMARK [2][-]{subsection.4.2}{\376\377\152\041\127\213\154\102\211\343\116\016\176\323\213\272}{section.4}% 13
\BOOKMARK [3][-]{subsubsection.4.2.1}{\376\377\231\156\230\337\116\140\140\357\124\010\164\006\140\047\122\006\147\220}{subsection.4.2}% 14
\BOOKMARK [3][-]{subsubsection.4.2.2}{\376\377\231\156\230\337\133\130\127\050\166\204\116\073\211\201\225\356\230\230}{subsection.4.2}% 15
\BOOKMARK [1][-]{section.5}{\376\377\225\356\230\230\116\214\166\204\136\372\152\041\116\016\154\102\211\343}{}% 16
\BOOKMARK [2][-]{subsection.5.1}{\376\377\152\041\127\213\136\372\172\313}{section.5}% 17
\BOOKMARK [3][-]{subsubsection.5.1.1}{\376\377\145\160\143\156\122\006\134\102\040\024\040\024\000A\0002\136\164\237\204\116\016\165\037\155\073\060\001\231\156\230\337\116\140\140\357}{subsection.5.1}% 18
\BOOKMARK [2][-]{subsection.5.2}{\376\377\152\041\127\213\154\102\211\343\116\016\176\323\213\272}{section.5}% 19
\BOOKMARK [3][-]{subsubsection.5.2.1}{\376\377\000A\0002\136\164\237\204\116\016\165\037\155\073\060\001\231\156\230\337\116\140\140\357}{subsection.5.2}% 20
\BOOKMARK [3][-]{subsubsection.5.2.2}{\376\377\000A\0003\140\047\122\053\116\016\165\037\155\073\060\001\231\156\230\337\116\140\140\357}{subsection.5.2}% 21
\BOOKMARK [3][-]{subsubsection.5.2.3}{\376\377\000A\0006\145\207\123\026\172\013\136\246\116\016\165\037\155\073\060\001\231\156\230\337\116\140\140\357}{subsection.5.2}% 22
\BOOKMARK [3][-]{subsubsection.5.2.4}{\376\377\000A\0007\132\132\131\373\162\266\121\265\116\016\165\037\155\073\060\001\231\156\230\337\116\140\140\357}{subsection.5.2}% 23
\BOOKMARK [3][-]{subsubsection.5.2.5}{\376\377\000A\0008\200\114\116\032\116\016\165\037\155\073\060\001\231\156\230\337\116\140\140\357}{subsection.5.2}% 24
\BOOKMARK [1][-]{section.6}{\376\377\225\356\230\230\116\011\166\204\136\372\152\041\116\016\154\102\211\343}{}% 25
\BOOKMARK [2][-]{subsection.6.1}{\376\377\152\041\127\213\136\372\172\313}{section.6}% 26
\BOOKMARK [2][-]{subsection.6.2}{\376\377\152\041\127\213\154\102\211\343\116\016\176\323\213\272}{section.6}% 27
\BOOKMARK [3][-]{subsubsection.6.2.1}{\376\377\232\330\210\100\123\213\377\010\123\140\153\324\0005\000.\0002\000\045\377\011}{subsection.6.2}% 28
\BOOKMARK [3][-]{subsubsection.6.2.2}{\376\377\174\326\134\077\165\305\377\010\123\140\153\324\0002\000.\0009\000\045\377\011}{subsection.6.2}% 29
\BOOKMARK [3][-]{subsubsection.6.2.3}{\376\377\232\330\210\100\201\002\377\010\123\140\153\324\0003\0002\000.\0009\000\045\377\011}{subsection.6.2}% 30
\BOOKMARK [3][-]{subsubsection.6.2.4}{\376\377\232\330\134\077\221\170\210\100\165\307\377\010\123\140\153\324\0008\000.\0004\000\045\377\011}{subsection.6.2}% 31
\BOOKMARK [1][-]{section.7}{\376\377\225\356\230\230\126\333\166\204\136\372\152\041\116\016\154\102\211\343}{}% 32
\BOOKMARK [2][-]{subsection.7.1}{\376\377\134\105\154\021\122\006\174\173}{section.7}% 33
\BOOKMARK [3][-]{subsubsection.7.1.1}{\376\377\141\142\140\047\165\305\140\243\200\005}{subsection.7.1}% 34
\BOOKMARK [3][-]{subsubsection.7.1.2}{\376\377\157\134\127\050\141\142\140\047\165\305\140\243\200\005}{subsection.7.1}% 35
\BOOKMARK [3][-]{subsubsection.7.1.3}{\376\377\116\140\140\357\116\015\124\010\164\006\166\204\120\145\136\267\134\105\154\021}{subsection.7.1}% 36
\BOOKMARK [3][-]{subsubsection.7.1.4}{\376\377\116\140\140\357\124\010\164\006\166\204\120\145\136\267\134\105\154\021}{subsection.7.1}% 37
\BOOKMARK [2][-]{subsection.7.2}{\376\377\124\010\164\006\136\372\213\256}{section.7}% 38
\BOOKMARK [3][-]{subsubsection.7.2.1}{\376\377\140\243\200\005\116\016\157\134\127\050\140\243\200\005}{subsection.7.2}% 39
\BOOKMARK [3][-]{subsubsection.7.2.2}{\376\377\120\145\136\267\134\105\154\021}{subsection.7.2}% 40
\BOOKMARK [1][-]{section.8}{\376\377\152\041\127\213\166\204\213\304\116\367\116\016\145\071\217\333}{}% 41
\BOOKMARK [2][-]{subsection.8.1}{\376\377\116\214\121\103\000l\000o\000g\000i\000s\000t\000i\000c\126\336\137\122\152\041\127\213}{section.8}% 42
\BOOKMARK [2][-]{subsection.8.2}{\376\377\000G\000U\000I\000D\000E\121\263\173\126\150\021\152\041\127\213}{section.8}% 43
\BOOKMARK [1][-]{section.9}{\376\377\123\302\200\003\145\207\163\056}{}% 44
\BOOKMARK [1][-]{section.9}{\376\377\000B\000i\000b\000l\000i\000o\000g\000r\000a\000p\000h\000y}{}% 45
