\BOOKMARK [1][-]{section.1}{\376\377\225\356\230\230\221\315\217\360}{}% 1
\BOOKMARK [2][-]{subsection.1.1}{\376\377\225\356\230\230\200\314\146\157}{section.1}% 2
\BOOKMARK [2][-]{subsection.1.2}{\376\377\166\356\150\007\116\373\122\241}{section.1}% 3
\BOOKMARK [1][-]{section.2}{\376\377\225\356\230\230\122\006\147\220}{}% 4
\BOOKMARK [2][-]{subsection.2.1}{\376\377\225\356\230\230\116\000\166\204\122\006\147\220}{section.2}% 5
\BOOKMARK [2][-]{subsection.2.2}{\376\377\225\356\230\230\116\214\166\204\122\006\147\220}{section.2}% 6
\BOOKMARK [2][-]{subsection.2.3}{\376\377\225\356\230\230\116\011\166\204\122\006\147\220}{section.2}% 7
\BOOKMARK [1][-]{section.3}{\376\377\152\041\127\213\120\107\213\276}{}% 8
\BOOKMARK [1][-]{section.4}{\376\377\173\046\123\367\213\364\146\016}{}% 9
\BOOKMARK [1][-]{section.5}{\376\377\225\356\230\230\116\000\152\041\127\213\166\204\136\372\172\313\116\016\154\102\211\343}{}% 10
\BOOKMARK [2][-]{subsection.5.1}{\376\377\225\356\230\230\116\000\152\041\127\213\166\204\136\372\172\313}{section.5}% 11
\BOOKMARK [3][-]{subsubsection.5.1.1}{\376\377\131\052\226\063\145\271\117\115\166\204\170\156\133\232}{subsection.5.1}% 12
\BOOKMARK [3][-]{subsubsection.5.1.2}{\376\377\225\134\227\142\154\325\124\021\166\204\170\156\133\232}{subsection.5.1}% 13
\BOOKMARK [3][-]{subsubsection.5.1.3}{\376\377\226\064\137\161\220\156\143\041\145\110\163\207}{subsection.5.1}% 14
\BOOKMARK [3][-]{subsubsection.5.1.4}{\376\377\226\306\160\355\126\150\142\052\145\255\145\110\163\207}{subsection.5.1}% 15
\BOOKMARK [3][-]{subsubsection.5.1.5}{\376\377\117\131\137\046\145\110\163\207}{subsection.5.1}% 16
\BOOKMARK [3][-]{subsubsection.5.1.6}{\376\377\121\111\133\146\145\110\163\207}{subsection.5.1}% 17
\BOOKMARK [3][-]{subsubsection.5.1.7}{\376\377\217\223\121\372\160\355\122\237\163\207}{subsection.5.1}% 18
\BOOKMARK [2][-]{subsection.5.2}{\376\377\225\356\230\230\116\000\152\041\127\213\166\204\154\102\211\343}{section.5}% 19
\BOOKMARK [1][-]{section.6}{\376\377\225\356\230\230\116\214\152\041\127\213\166\204\136\372\172\313\116\016\154\102\211\343}{}% 20
\BOOKMARK [2][-]{subsection.6.1}{\376\377\225\356\230\230\116\214\152\041\127\213\166\204\136\372\172\313}{section.6}% 21
\BOOKMARK [3][-]{subsubsection.6.1.1}{\376\377\122\035\131\313\225\134\127\072\166\204\000C\000a\000m\000p\000o\136\003\177\156}{subsection.6.1}% 22
\BOOKMARK [3][-]{subsubsection.6.1.2}{\376\377\127\372\116\216\122\035\131\313\225\134\127\072\166\204\000P\000S\000O\000-\000G\000A\117\030\123\026}{subsection.6.1}% 23
\BOOKMARK [3][-]{subsubsection.6.1.3}{\376\377\117\116\145\110\163\207\225\134\160\271\122\124\226\144}{subsection.6.1}% 24
\BOOKMARK [2][-]{subsection.6.2}{\376\377\225\356\230\230\116\214\152\041\127\213\166\204\154\102\211\343}{section.6}% 25
\BOOKMARK [1][-]{section.7}{\376\377\225\356\230\230\116\011\152\041\127\213\166\204\136\372\172\313\116\016\154\102\211\343}{}% 26
\BOOKMARK [2][-]{subsection.7.1}{\376\377\225\356\230\230\116\011\152\041\127\213\166\204\136\372\172\313}{section.7}% 27
\BOOKMARK [2][-]{subsection.7.2}{\376\377\225\356\230\230\116\011\152\041\127\213\166\204\154\102\211\343}{section.7}% 28
\BOOKMARK [1][-]{section.8}{\376\377\152\041\127\213\166\204\160\165\145\117\136\246\122\006\147\220}{}% 29
\BOOKMARK [1][-]{section.9}{\376\377\152\041\127\213\166\204\213\304\116\367\116\016\145\071\217\333}{}% 30
\BOOKMARK [2][-]{subsection.9.1}{\376\377\225\356\230\230\116\000\152\041\127\213\166\204\213\304\116\367\116\016\145\071\217\333}{section.9}% 31
\BOOKMARK [2][-]{subsection.9.2}{\376\377\225\356\230\230\116\214\060\001\116\011\152\041\127\213\166\204\213\304\116\367\116\016\145\071\217\333}{section.9}% 32
\BOOKMARK [1][-]{section.10}{\376\377\123\302\200\003\145\207\163\056}{}% 33
\BOOKMARK [1][-]{section.10}{\376\377\000B\000i\000b\000l\000i\000o\000g\000r\000a\000p\000h\000y}{}% 34
\BOOKMARK [1][-]{appendix.A}{\376\377\225\356\230\230\116\000\116\343\170\001\133\236\163\260}{}% 35
\BOOKMARK [1][-]{appendix.B}{\376\377\225\356\230\230\116\214\116\343\170\001\133\236\163\260}{}% 36
\BOOKMARK [1][-]{appendix.C}{\376\377\225\356\230\230\116\011\116\343\170\001\133\236\163\260}{}% 37
